1702314221850 : ::1 : GET : /api/users/2
1702314245212 : ::1 : GET : /api/users/4
1702314287543 : ::1 : GET : /api/users/4
1702314321149 : ::1 : GET : /api/users/4
1702314394137 : ::1 : GET : /api/users/5
1702314407249 : ::1 : GET : /api/users/6
1702317316275 : ::1 : POST : /api/users
1702317362753 : ::1 : POST : /api/users
1702317510021 : ::1 : POST : /api/users
1702317636469 : ::1 : POST : /api/users
1702317896209 : ::1 : POST : /api/users
1702318127460 : ::1 : POST : /api/users
1702356365154 : ::1 : POST : /api/users
1702356483901 : ::1 : POST : /api/users
1702356514152 : ::1 : POST : /api/users
1702356586510 : ::1 : POST : /api/users
1702356680724 : ::1 : POST : /api/users
1702356768673 : ::1 : POST : /api/users
1702357266743 : ::1 : GET : /users
1702357329610 : ::1 : POST : /api/users
1702357335231 : ::1 : GET : /users
1702357533147 : ::1 : POST : /api/users
1702357812590 : ::1 : GET : /api/users
1702357840128 : ::1 : GET : /api/users
1702357889783 : ::1 : GET : /users
1702358133177 : ::1 : GET : /api/users/6577e951d432cc2cc81c51be
1702358241808 : ::1 : GET : /api/users
1702358607880 : ::1 : PATCH : /api/users/6577e603bf952588e90cf598
1702359094944 : ::1 : PATCH : /api/users/6577e603bf952588e90cf598
1702359159908 : ::1 : PATCH : /api/users/6577e603bf952588e90cf598
1702359314607 : ::1 : PATCH : /api/users/6577e603bf952588e90cf598
1702359422819 : ::1 : POST : /api/users/6577e603bf952588e90cf598
1702359431336 : ::1 : POST : /api/users
1702359447418 : ::1 : GET : /api/users
1702359600656 : ::1 : DELETE : /api/users/6577f187b7d8f3ea7bfc3659