1702388781152 : ::1 : GET : /api/users
1702388859899 : ::1 : GET : /api/users
1702388860719 : ::1 : GET : /api/users
1702389494515 : ::1 : GET : /api/users
1702391042723 : ::1 : GET : /api/users
1702391223931 : ::1 : GET : /api/users
1702391232393 : ::1 : GET : /api/users
1702391250514 : ::1 : GET : /api/users
1702391292422 : ::1 : GET : /api/users
1702391319051 : ::1 : GET : /api/users
1702391339254 : ::1 : GET : /api/users
1702391400642 : ::1 : GET : /api/users
1702391433721 : ::1 : GET : /api/users
1702391449403 : ::1 : GET : /api/users
1702391466435 : ::1 : GET : /api/users
1702391497967 : ::1 : GET : /api/users
1702391500615 : ::1 : GET : /api/users
1702391502511 : ::1 : GET : /api/users
1702391503493 : ::1 : GET : /api/users
1702391504162 : ::1 : GET : /api/users
1702391504775 : ::1 : GET : /api/users
1702392389065 : ::1 : GET : /api/users
1702392406799 : ::1 : GET : /api/users
1702392416536 : ::1 : GET : /api/users
1702393260949 : ::1 : POST : /api/users
1702393342929 : ::1 : POST : /api/users
1702393393219 : ::1 : GET : /api/users
1702393444416 : ::1 : GET : /api/users
1702394108457 : ::1 : POST : /api/users/6577ea1d5410c650b917baeb
1702394132961 : ::1 : GET : /api/users/6577ea1d5410c650b917baeb
1702394152457 : ::1 : GET : /api/users/6577ea1d5410c650b917baeb
1702394161446 : ::1 : GET : /api/users/
1702394494231 : ::1 : PATCH : /api/users/6577e603bf952588e90cf598
1702394500994 : ::1 : GET : /api/users/
1702394613172 : ::1 : PATCH : /api/users/6577e603bf952588e90cf598
1702394619416 : ::1 : GET : /api/users/
1702394629467 : ::1 : PATCH : /api/users/6577e603bf952588e90cf598
1702396499408 : ::1 : POST : /api/users/
1702396514654 : ::1 : GET : /api/users/
1702396519837 : ::1 : DELETE : /api/users/657882537d121a56eb7eed72
1702396525916 : ::1 : GET : /api/users/
1702396530460 : ::1 : GET : /api/users/
1702396643130 : ::1 : DELETE : /api/users/657882537d121a56eb7eed72
1702396646990 : ::1 : GET : /api/users/