1701850745188 : / -> Req received
1701850793320 : /about -> Req received
1701850827215 : /about?name=tejas -> Req received
1701850864043 : /about?name=tejas&userid=1 -> Req received
1701850958680 : /about?name=tejas&userid=1 -> Req received
1701851331160 : /about?name=tejas&userid=1 -> Req received
1701851570399 : /about?name=tejas&userid=1 -> Req received
1701851581680 : /about?name=tejas&userid=1 -> Req received
1701851605745 : /about?name=tejas&userid=1 -> Req received
1701851613544 : /about?name=tejas&userid=1 -> Req received
1701851645258 : /about?name=Tejas+Nirala&userid=1 -> Req received
1701852098361 : /about?name=Tejas+Nirala&userid=1 -> Req received
1701852105348 : /about?name=Tejas+Niral&userid=1 -> Req received
1701852115805 : /about?name=Tejas+Nirala&userid=1 -> Req received
1701852132959 : /about?name=Tejas+Nirala&userid=1 -> Req received
1701964950831 : / : GET -> Req received
1701964963676 : / : GET -> Req received
1701965066202 GET : / : -> Req received
1701965385755 GET : /signup : -> Req received
1701965422229 GET : /signup : -> Req received
1701965480234 GET : /signup : -> Req received
1701965568519 GET : /signup : -> Req received
1701965598110 GET : /signup : -> Req received
1701965646370 GET : /signup : -> Req received
